<?xml version="1.0" encoding="utf-8"?><testsuites><testsuite name="pytest" errors="0" failures="0" skipped="0" tests="4" time="171.080" timestamp="2023-10-24T16:52:49.904957" hostname="MacBook-Air-de-Daniel-Quintero.local"><testcase classname="tests.model.test_model.TestModel" name="test_model_fit" time="38.228" /><testcase classname="tests.model.test_model.TestModel" name="test_model_predict" time="49.042" /><testcase classname="tests.model.test_model.TestModel" name="test_model_preprocess_for_serving" time="38.122" /><testcase classname="tests.model.test_model.TestModel" name="test_model_preprocess_for_training" time="41.612" /></testsuite></testsuites>