<?xml version="1.0" encoding="utf-8"?><testsuites><testsuite name="pytest" errors="0" failures="0" skipped="0" tests="4" time="151.362" timestamp="2023-10-27T10:16:26.383519" hostname="MacBook-Air-de-Daniel-Quintero.local"><testcase classname="tests.model.test_model.TestModel" name="test_model_fit" time="37.309" /><testcase classname="tests.model.test_model.TestModel" name="test_model_predict" time="35.846" /><testcase classname="tests.model.test_model.TestModel" name="test_model_preprocess_for_serving" time="36.911" /><testcase classname="tests.model.test_model.TestModel" name="test_model_preprocess_for_training" time="37.369" /></testsuite></testsuites>